<?xml version="1.0" encoding="UTF-8"?>
<coverage generated="1397378664">
  <project timestamp="1397378664">
    <package name="X\Database\ActiveRecord">
      <file name="/home/michael/Projects/001.PHP-MyQuestion/util/db/active.record/active.record.php">
        <class name="ActiveRecord" namespace="X\Database\ActiveRecord">
          <metrics methods="98" coveredmethods="94" conditionals="0" coveredconditionals="0" statements="373" coveredstatements="369" elements="471" coveredelements="463"/>
        </class>
        <line num="15" type="method" name="__construct" crap="1" count="86"/>
        <line num="16" type="stmt" count="86"/>
        <line num="17" type="stmt" count="86"/>
        <line num="18" type="stmt" count="86"/>
        <line num="19" type="stmt" count="86"/>
        <line num="20" type="stmt" count="86"/>
        <line num="30" type="method" name="__get" crap="3.04" count="5"/>
        <line num="31" type="stmt" count="5"/>
        <line num="32" type="stmt" count="5"/>
        <line num="34" type="stmt" count="1"/>
        <line num="35" type="stmt" count="1"/>
        <line num="36" type="stmt" count="1"/>
        <line num="39" type="stmt" count="0"/>
        <line num="50" type="method" name="__set" crap="1" count="13"/>
        <line num="51" type="stmt" count="13"/>
        <line num="52" type="stmt" count="13"/>
        <line num="59" type="method" name="__call" crap="2.15" count="4"/>
        <line num="60" type="stmt" count="4"/>
        <line num="61" type="stmt" count="4"/>
        <line num="64" type="stmt" count="0"/>
        <line num="153" type="method" name="registerEventHandler" crap="7" count="65"/>
        <line num="154" type="stmt" count="65"/>
        <line num="155" type="stmt" count="65"/>
        <line num="156" type="stmt" count="65"/>
        <line num="157" type="stmt" count="1"/>
        <line num="158" type="stmt" count="1"/>
        <line num="161" type="stmt" count="65"/>
        <line num="162" type="stmt" count="65"/>
        <line num="163" type="stmt" count="65"/>
        <line num="165" type="stmt" count="65"/>
        <line num="167" type="stmt" count="1"/>
        <line num="168" type="stmt" count="65"/>
        <line num="169" type="stmt" count="65"/>
        <line num="170" type="stmt" count="65"/>
        <line num="172" type="stmt" count="1"/>
        <line num="175" type="stmt" count="65"/>
        <line num="176" type="stmt" count="65"/>
        <line num="183" type="method" name="onAfterSave" crap="1" count="2"/>
        <line num="184" type="stmt" count="2"/>
        <line num="185" type="stmt" count="2"/>
        <line num="193" type="method" name="onAfterInsert" crap="1" count="41"/>
        <line num="194" type="stmt" count="41"/>
        <line num="195" type="stmt" count="41"/>
        <line num="203" type="method" name="onAfterUpdate" crap="1" count="2"/>
        <line num="204" type="stmt" count="2"/>
        <line num="205" type="stmt" count="2"/>
        <line num="213" type="method" name="onAfterValidate" crap="1" count="2"/>
        <line num="214" type="stmt" count="2"/>
        <line num="215" type="stmt" count="2"/>
        <line num="223" type="method" name="onAfterFind" crap="1" count="42"/>
        <line num="224" type="stmt" count="42"/>
        <line num="225" type="stmt" count="42"/>
        <line num="233" type="method" name="onAfterDelete" crap="1" count="2"/>
        <line num="234" type="stmt" count="2"/>
        <line num="235" type="stmt" count="2"/>
        <line num="243" type="method" name="onBeforeSave" crap="1" count="2"/>
        <line num="244" type="stmt" count="2"/>
        <line num="245" type="stmt" count="2"/>
        <line num="253" type="method" name="onBeforeInsert" crap="1" count="2"/>
        <line num="254" type="stmt" count="2"/>
        <line num="255" type="stmt" count="2"/>
        <line num="263" type="method" name="onBeforeUpdate" crap="1" count="2"/>
        <line num="264" type="stmt" count="2"/>
        <line num="265" type="stmt" count="2"/>
        <line num="273" type="method" name="onBeforeValidate" crap="1" count="2"/>
        <line num="274" type="stmt" count="2"/>
        <line num="275" type="stmt" count="2"/>
        <line num="283" type="method" name="onBeforeFind" crap="1" count="42"/>
        <line num="284" type="stmt" count="42"/>
        <line num="285" type="stmt" count="42"/>
        <line num="293" type="method" name="onBeforeDelete" crap="1" count="3"/>
        <line num="294" type="stmt" count="3"/>
        <line num="295" type="stmt" count="3"/>
        <line num="302" type="method" name="triggerEvent" crap="3" count="45"/>
        <line num="303" type="stmt" count="45"/>
        <line num="304" type="stmt" count="23"/>
        <line num="307" type="stmt" count="32"/>
        <line num="308" type="stmt" count="32"/>
        <line num="309" type="stmt" count="32"/>
        <line num="310" type="stmt" count="32"/>
        <line num="311" type="stmt" count="32"/>
        <line num="318" type="method" name="afterSave" crap="1" count="11"/>
        <line num="319" type="stmt" count="11"/>
        <line num="320" type="stmt" count="11"/>
        <line num="321" type="stmt" count="11"/>
        <line num="328" type="method" name="afterInsert" crap="3" count="7"/>
        <line num="329" type="stmt" count="7"/>
        <line num="330" type="stmt" count="7"/>
        <line num="331" type="stmt" count="7"/>
        <line num="332" type="stmt" count="7"/>
        <line num="333" type="stmt" count="7"/>
        <line num="334" type="stmt" count="7"/>
        <line num="335" type="stmt" count="7"/>
        <line num="340" type="method" name="afterUpdate" crap="1" count="7"/>
        <line num="341" type="stmt" count="7"/>
        <line num="342" type="stmt" count="7"/>
        <line num="347" type="method" name="afterValidate" crap="1" count="16"/>
        <line num="348" type="stmt" count="16"/>
        <line num="349" type="stmt" count="16"/>
        <line num="354" type="method" name="afterFind" crap="1" count="1"/>
        <line num="355" type="stmt" count="1"/>
        <line num="356" type="stmt" count="1"/>
        <line num="361" type="method" name="afterDelete" crap="1" count="7"/>
        <line num="362" type="stmt" count="7"/>
        <line num="363" type="stmt" count="7"/>
        <line num="368" type="method" name="beforeSave" crap="1" count="11"/>
        <line num="369" type="stmt" count="11"/>
        <line num="370" type="stmt" count="11"/>
        <line num="375" type="method" name="beforeInsert" crap="1" count="8"/>
        <line num="376" type="stmt" count="8"/>
        <line num="377" type="stmt" count="8"/>
        <line num="382" type="method" name="beforeUpdate" crap="1" count="7"/>
        <line num="383" type="stmt" count="7"/>
        <line num="384" type="stmt" count="7"/>
        <line num="389" type="method" name="beforeValidate" crap="1" count="16"/>
        <line num="390" type="stmt" count="16"/>
        <line num="391" type="stmt" count="16"/>
        <line num="396" type="method" name="beforeFind" crap="1" count="23"/>
        <line num="397" type="stmt" count="23"/>
        <line num="398" type="stmt" count="22"/>
        <line num="403" type="method" name="beforeDelete" crap="1" count="7"/>
        <line num="404" type="stmt" count="7"/>
        <line num="405" type="stmt" count="7"/>
        <line num="425" type="method" name="addScope" crap="1" count="40"/>
        <line num="426" type="stmt" count="40"/>
        <line num="427" type="stmt" count="40"/>
        <line num="433" type="method" name="addDefaultScope" crap="1" count="2"/>
        <line num="434" type="stmt" count="2"/>
        <line num="435" type="stmt" count="2"/>
        <line num="452" type="method" name="withScope" crap="1" count="5"/>
        <line num="453" type="stmt" count="5"/>
        <line num="454" type="stmt" count="5"/>
        <line num="461" type="method" name="withoutScope" crap="1" count="3"/>
        <line num="462" type="stmt" count="3"/>
        <line num="463" type="stmt" count="3"/>
        <line num="470" type="method" name="mergeConditionWithScope" crap="4" count="26"/>
        <line num="471" type="stmt" count="26"/>
        <line num="472" type="stmt" count="26"/>
        <line num="475" type="stmt" count="5"/>
        <line num="476" type="stmt" count="5"/>
        <line num="477" type="stmt" count="5"/>
        <line num="479" type="stmt" count="2"/>
        <line num="481" type="stmt" count="5"/>
        <line num="490" type="method" name="doFind" crap="6" count="25"/>
        <line num="491" type="stmt" count="25"/>
        <line num="492" type="stmt" count="21"/>
        <line num="493" type="stmt" count="21"/>
        <line num="495" type="stmt" count="25"/>
        <line num="496" type="stmt" count="19"/>
        <line num="497" type="stmt" count="19"/>
        <line num="499" type="stmt" count="25"/>
        <line num="501" type="stmt" count="25"/>
        <line num="502" type="stmt" count="25"/>
        <line num="503" type="stmt" count="25"/>
        <line num="504" type="stmt" count="25"/>
        <line num="506" type="stmt" count="25"/>
        <line num="507" type="stmt" count="25"/>
        <line num="508" type="stmt" count="25"/>
        <line num="509" type="stmt" count="25"/>
        <line num="510" type="stmt" count="25"/>
        <line num="511" type="stmt" count="21"/>
        <line num="512" type="stmt" count="21"/>
        <line num="513" type="stmt" count="25"/>
        <line num="515" type="stmt" count="25"/>
        <line num="517" type="stmt" count="25"/>
        <line num="526" type="method" name="find" crap="2" count="11"/>
        <line num="527" type="stmt" count="11"/>
        <line num="528" type="stmt" count="11"/>
        <line num="529" type="stmt" count="5"/>
        <line num="531" type="stmt" count="11"/>
        <line num="539" type="method" name="findBySql" crap="1" count="1"/>
        <line num="540" type="stmt" count="1"/>
        <line num="548" type="method" name="findByAttribute" crap="1" count="8"/>
        <line num="549" type="stmt" count="8"/>
        <line num="556" type="method" name="findByCondition" crap="1" count="1"/>
        <line num="557" type="stmt" count="1"/>
        <line num="565" type="method" name="findByPrimaryKey" crap="2" count="5"/>
        <line num="566" type="stmt" count="5"/>
        <line num="567" type="stmt" count="5"/>
        <line num="568" type="stmt" count="1"/>
        <line num="569" type="stmt" count="1"/>
        <line num="571" type="stmt" count="5"/>
        <line num="579" type="method" name="findAll" crap="1" count="12"/>
        <line num="580" type="stmt" count="12"/>
        <line num="589" type="method" name="findAllBySql" crap="1" count="1"/>
        <line num="590" type="stmt" count="1"/>
        <line num="599" type="method" name="findAllByAttributes" crap="1" count="5"/>
        <line num="600" type="stmt" count="5"/>
        <line num="609" type="method" name="findAllByCondition" crap="1" count="1"/>
        <line num="610" type="stmt" count="1"/>
        <line num="616" type="method" name="delete" crap="1" count="6"/>
        <line num="617" type="stmt" count="6"/>
        <line num="618" type="stmt" count="6"/>
        <line num="619" type="stmt" count="6"/>
        <line num="620" type="stmt" count="6"/>
        <line num="621" type="stmt" count="6"/>
        <line num="622" type="stmt" count="6"/>
        <line num="623" type="stmt" count="6"/>
        <line num="624" type="stmt" count="6"/>
        <line num="632" type="method" name="doDeleteAll" crap="2" count="4"/>
        <line num="633" type="stmt" count="4"/>
        <line num="634" type="stmt" count="4"/>
        <line num="635" type="stmt" count="4"/>
        <line num="636" type="stmt" count="4"/>
        <line num="637" type="stmt" count="4"/>
        <line num="646" type="method" name="deleteAllBySql" crap="1" count="1"/>
        <line num="647" type="stmt" count="1"/>
        <line num="656" type="method" name="deleteAllByAttributes" crap="1" count="1"/>
        <line num="657" type="stmt" count="1"/>
        <line num="665" type="method" name="deleteAllByCondition" crap="1" count="1"/>
        <line num="666" type="stmt" count="1"/>
        <line num="676" type="method" name="doUpdateAll" crap="2" count="4"/>
        <line num="677" type="stmt" count="4"/>
        <line num="678" type="stmt" count="4"/>
        <line num="679" type="stmt" count="4"/>
        <line num="680" type="stmt" count="4"/>
        <line num="681" type="stmt" count="4"/>
        <line num="682" type="stmt" count="4"/>
        <line num="692" type="method" name="updateAllBySql" crap="1" count="1"/>
        <line num="693" type="stmt" count="1"/>
        <line num="703" type="method" name="updateAllByAttributes" crap="1" count="1"/>
        <line num="704" type="stmt" count="1"/>
        <line num="714" type="method" name="updateAllByCondition" crap="1" count="1"/>
        <line num="715" type="stmt" count="1"/>
        <line num="721" type="method" name="doSaveUpdate" crap="4" count="6"/>
        <line num="722" type="stmt" count="6"/>
        <line num="723" type="stmt" count="6"/>
        <line num="724" type="stmt" count="6"/>
        <line num="725" type="stmt" count="6"/>
        <line num="727" type="stmt" count="6"/>
        <line num="728" type="stmt" count="6"/>
        <line num="729" type="stmt" count="6"/>
        <line num="730" type="stmt" count="6"/>
        <line num="731" type="stmt" count="6"/>
        <line num="732" type="stmt" count="6"/>
        <line num="733" type="stmt" count="6"/>
        <line num="734" type="stmt" count="6"/>
        <line num="735" type="stmt" count="6"/>
        <line num="737" type="stmt" count="6"/>
        <line num="738" type="stmt" count="6"/>
        <line num="739" type="stmt" count="6"/>
        <line num="742" type="stmt" count="1"/>
        <line num="748" type="method" name="doSaveInsert" crap="2" count="7"/>
        <line num="749" type="stmt" count="7"/>
        <line num="750" type="stmt" count="7"/>
        <line num="751" type="stmt" count="7"/>
        <line num="752" type="stmt" count="7"/>
        <line num="753" type="stmt" count="7"/>
        <line num="754" type="stmt" count="7"/>
        <line num="755" type="stmt" count="7"/>
        <line num="761" type="method" name="save" crap="4" count="10"/>
        <line num="762" type="stmt" count="10"/>
        <line num="763" type="stmt" count="1"/>
        <line num="766" type="stmt" count="10"/>
        <line num="767" type="stmt" count="10"/>
        <line num="768" type="stmt" count="10"/>
        <line num="769" type="stmt" count="10"/>
        <line num="771" type="stmt" count="10"/>
        <line num="772" type="stmt" count="10"/>
        <line num="799" type="method" name="getAttribute" crap="2" count="9"/>
        <line num="800" type="stmt" count="9"/>
        <line num="801" type="stmt" count="1"/>
        <line num="802" type="stmt" count="1"/>
        <line num="804" type="stmt" count="9"/>
        <line num="815" type="method" name="setAttribute" crap="2" count="38"/>
        <line num="816" type="stmt" count="38"/>
        <line num="817" type="stmt" count="2"/>
        <line num="818" type="stmt" count="2"/>
        <line num="821" type="stmt" count="38"/>
        <line num="822" type="stmt" count="38"/>
        <line num="830" type="method" name="setAttributes" crap="2" count="5"/>
        <line num="831" type="stmt" count="5"/>
        <line num="832" type="stmt" count="5"/>
        <line num="833" type="stmt" count="5"/>
        <line num="834" type="stmt" count="5"/>
        <line num="842" type="method" name="hasAttribute" crap="1" count="6"/>
        <line num="843" type="stmt" count="6"/>
        <line num="851" type="method" name="getAttributeNames" crap="1" count="1"/>
        <line num="852" type="stmt" count="1"/>
        <line num="860" type="method" name="toArray" crap="2" count="1"/>
        <line num="861" type="stmt" count="1"/>
        <line num="862" type="stmt" count="1"/>
        <line num="863" type="stmt" count="1"/>
        <line num="864" type="stmt" count="1"/>
        <line num="865" type="stmt" count="1"/>
        <line num="875" type="method" name="initTableColumnsByDescribe" crap="2" count="5"/>
        <line num="876" type="stmt" count="5"/>
        <line num="877" type="stmt" count="5"/>
        <line num="878" type="stmt" count="5"/>
        <line num="879" type="stmt" count="5"/>
        <line num="880" type="stmt" count="3"/>
        <line num="881" type="stmt" count="5"/>
        <line num="882" type="stmt" count="5"/>
        <line num="887" type="method" name="initTableColumns" crap="3" count="86"/>
        <line num="888" type="stmt" count="86"/>
        <line num="889" type="stmt" count="86"/>
        <line num="890" type="stmt" count="5"/>
        <line num="891" type="stmt" count="5"/>
        <line num="893" type="stmt" count="86"/>
        <line num="894" type="stmt" count="44"/>
        <line num="895" type="stmt" count="44"/>
        <line num="896" type="stmt" count="86"/>
        <line num="897" type="stmt" count="86"/>
        <line num="918" type="method" name="getPrimaryKeyName" crap="4" count="17"/>
        <line num="919" type="stmt" count="17"/>
        <line num="920" type="stmt" count="1"/>
        <line num="923" type="stmt" count="17"/>
        <line num="924" type="stmt" count="17"/>
        <line num="925" type="stmt" count="17"/>
        <line num="926" type="stmt" count="17"/>
        <line num="928" type="stmt" count="17"/>
        <line num="930" type="stmt" count="17"/>
        <line num="938" type="method" name="getRecordCondition" crap="2.02" count="12"/>
        <line num="939" type="stmt" count="12"/>
        <line num="940" type="stmt" count="12"/>
        <line num="941" type="stmt" count="12"/>
        <line num="942" type="stmt" count="12"/>
        <line num="943" type="stmt" count="12"/>
        <line num="946" type="stmt" count="0"/>
        <line num="954" type="method" name="current" crap="1" count="7"/>
        <line num="955" type="stmt" count="7"/>
        <line num="956" type="stmt" count="7"/>
        <line num="963" type="method" name="next" crap="1" count="7"/>
        <line num="964" type="stmt" count="7"/>
        <line num="971" type="method" name="key" crap="1" count="7"/>
        <line num="972" type="stmt" count="7"/>
        <line num="979" type="method" name="valid" crap="1" count="7"/>
        <line num="980" type="stmt" count="7"/>
        <line num="987" type="method" name="rewind" crap="1" count="7"/>
        <line num="988" type="stmt" count="7"/>
        <line num="998" type="method" name="validate" crap="2" count="15"/>
        <line num="999" type="stmt" count="15"/>
        <line num="1000" type="stmt" count="15"/>
        <line num="1001" type="stmt" count="15"/>
        <line num="1002" type="stmt" count="15"/>
        <line num="1003" type="stmt" count="15"/>
        <line num="1005" type="stmt" count="15"/>
        <line num="1015" type="method" name="validateAttribute" crap="1" count="1"/>
        <line num="1016" type="stmt" count="1"/>
        <line num="1024" type="method" name="hasError" crap="3" count="15"/>
        <line num="1025" type="stmt" count="15"/>
        <line num="1026" type="stmt" count="15"/>
        <line num="1027" type="stmt" count="6"/>
        <line num="1029" type="stmt" count="15"/>
        <line num="1031" type="stmt" count="15"/>
        <line num="1039" type="method" name="hasErrorOnAttribute" crap="1" count="1"/>
        <line num="1040" type="stmt" count="1"/>
        <line num="1048" type="method" name="getErrors" crap="3" count="1"/>
        <line num="1049" type="stmt" count="1"/>
        <line num="1050" type="stmt" count="1"/>
        <line num="1051" type="stmt" count="1"/>
        <line num="1052" type="stmt" count="1"/>
        <line num="1053" type="stmt" count="1"/>
        <line num="1054" type="stmt" count="1"/>
        <line num="1055" type="stmt" count="1"/>
        <line num="1065" type="method" name="getErrorOnAttribute" crap="1" count="1"/>
        <line num="1066" type="stmt" count="1"/>
        <line num="1103" type="method" name="getRelationshipTargetName" crap="4.05" count="4"/>
        <line num="1104" type="stmt" count="4"/>
        <line num="1105" type="stmt" count="4"/>
        <line num="1106" type="stmt" count="4"/>
        <line num="1108" type="stmt" count="4"/>
        <line num="1109" type="stmt" count="0"/>
        <line num="1112" type="stmt" count="4"/>
        <line num="1113" type="stmt" count="4"/>
        <line num="1121" type="method" name="hasOne" crap="3" count="4"/>
        <line num="1122" type="stmt" count="4"/>
        <line num="1124" type="stmt" count="4"/>
        <line num="1125" type="stmt" count="4"/>
        <line num="1126" type="stmt" count="4"/>
        <line num="1127" type="stmt" count="4"/>
        <line num="1134" type="method" name="getFromRelationshipHasOne" crap="1" count="1"/>
        <line num="1135" type="stmt" count="1"/>
        <line num="1136" type="stmt" count="1"/>
        <line num="1137" type="stmt" count="1"/>
        <line num="1138" type="stmt" count="1"/>
        <line num="1146" type="method" name="hasMany" crap="3" count="4"/>
        <line num="1147" type="stmt" count="4"/>
        <line num="1148" type="stmt" count="4"/>
        <line num="1149" type="stmt" count="4"/>
        <line num="1150" type="stmt" count="4"/>
        <line num="1151" type="stmt" count="4"/>
        <line num="1159" type="method" name="getFromRelationshipHasMany" crap="1" count="1"/>
        <line num="1160" type="stmt" count="1"/>
        <line num="1161" type="stmt" count="1"/>
        <line num="1162" type="stmt" count="1"/>
        <line num="1163" type="stmt" count="1"/>
        <line num="1175" type="method" name="manyToMany" crap="6" count="4"/>
        <line num="1176" type="stmt" count="4"/>
        <line num="1178" type="stmt" count="4"/>
        <line num="1179" type="stmt" count="4"/>
        <line num="1180" type="stmt" count="4"/>
        <line num="1181" type="stmt" count="4"/>
        <line num="1182" type="stmt" count="4"/>
        <line num="1183" type="stmt" count="4"/>
        <line num="1184" type="stmt" count="4"/>
        <line num="1185" type="stmt" count="4"/>
        <line num="1186" type="stmt" count="4"/>
        <line num="1187" type="stmt" count="4"/>
        <line num="1189" type="stmt" count="4"/>
        <line num="1190" type="stmt" count="4"/>
        <line num="1191" type="stmt" count="4"/>
        <line num="1192" type="stmt" count="4"/>
        <line num="1200" type="method" name="getFromRelationshipManyToMany" crap="2" count="1"/>
        <line num="1201" type="stmt" count="1"/>
        <line num="1202" type="stmt" count="1"/>
        <line num="1203" type="stmt" count="1"/>
        <line num="1204" type="stmt" count="1"/>
        <line num="1205" type="stmt" count="1"/>
        <line num="1206" type="stmt" count="1"/>
        <line num="1207" type="stmt" count="1"/>
        <line num="1208" type="stmt" count="1"/>
        <line num="1209" type="stmt" count="1"/>
        <line num="1210" type="stmt" count="1"/>
        <line num="1211" type="stmt" count="1"/>
        <line num="1212" type="stmt" count="1"/>
        <line num="1213" type="stmt" count="1"/>
        <line num="1223" type="method" name="belongsTo" crap="3" count="4"/>
        <line num="1224" type="stmt" count="4"/>
        <line num="1225" type="stmt" count="4"/>
        <line num="1226" type="stmt" count="4"/>
        <line num="1227" type="stmt" count="4"/>
        <line num="1228" type="stmt" count="4"/>
        <line num="1235" type="method" name="getFromRelationshipBelongsTo" crap="1" count="1"/>
        <line num="1236" type="stmt" count="1"/>
        <line num="1237" type="stmt" count="1"/>
        <line num="1238" type="stmt" count="1"/>
        <line num="1239" type="stmt" count="1"/>
        <line num="1240" type="stmt" count="1"/>
        <line num="1241" type="stmt" count="1"/>
        <line num="1248" type="method" name="getDataFromRelationship" crap="1" count="4"/>
        <line num="1249" type="stmt" count="4"/>
        <line num="1250" type="stmt" count="4"/>
        <line num="1251" type="stmt" count="4"/>
        <line num="1279" type="method" name="getIsNew" crap="1" count="49"/>
        <line num="1280" type="stmt" count="49"/>
        <line num="1289" type="method" name="setIsNew" crap="1" count="28"/>
        <line num="1290" type="stmt" count="28"/>
        <line num="1291" type="stmt" count="28"/>
        <line num="1300" type="method" name="count" crap="1" count="2"/>
        <line num="1301" type="stmt" count="2"/>
        <line num="1302" type="stmt" count="2"/>
        <line num="1303" type="stmt" count="2"/>
        <line num="1304" type="stmt" count="2"/>
        <line num="1305" type="stmt" count="2"/>
        <line num="1307" type="stmt" count="2"/>
        <line num="1308" type="stmt" count="2"/>
        <line num="1316" type="method" name="exists" crap="1" count="2"/>
        <line num="1317" type="stmt" count="2"/>
        <line num="1327" type="method" name="model" crap="1" count="23"/>
        <line num="1328" type="stmt" count="23"/>
        <line num="1329" type="stmt" count="23"/>
        <line num="1338" type="method" name="create" crap="3" count="25"/>
        <line num="1339" type="stmt" count="25"/>
        <line num="1340" type="stmt" count="25"/>
        <line num="1342" type="stmt" count="25"/>
        <line num="1343" type="stmt" count="25"/>
        <line num="1344" type="stmt" count="25"/>
        <line num="1345" type="stmt" count="25"/>
        <line num="1346" type="stmt" count="25"/>
        <line num="1348" type="stmt" count="25"/>
        <line num="1364" type="method" name="execute" crap="1" count="17"/>
        <line num="1365" type="stmt" count="17"/>
        <line num="1373" type="method" name="query" crap="1" count="26"/>
        <line num="1374" type="stmt" count="26"/>
        <line num="1381" type="method" name="getNamespaceName" crap="1" count="4"/>
        <line num="1382" type="stmt" count="4"/>
        <line num="1383" type="stmt" count="4"/>
        <line num="1390" type="method" name="getClassName" crap="1" count="4"/>
        <line num="1391" type="stmt" count="4"/>
        <line num="1392" type="stmt" count="4"/>
        <metrics loc="1393" ncloc="766" classes="1" methods="98" coveredmethods="94" conditionals="0" coveredconditionals="0" statements="373" coveredstatements="369" elements="471" coveredelements="463"/>
      </file>
      <file name="/home/michael/Projects/001.PHP-MyQuestion/util/db/active.record/column.php">
        <class name="Column" namespace="X\Database\ActiveRecord">
          <metrics methods="30" coveredmethods="26" conditionals="0" coveredconditionals="0" statements="148" coveredstatements="141" elements="178" coveredelements="167"/>
        </class>
        <line num="26" type="method" name="__construct" crap="1" count="20"/>
        <line num="27" type="stmt" count="20"/>
        <line num="28" type="stmt" count="20"/>
        <line num="29" type="stmt" count="20"/>
        <line num="30" type="stmt" count="20"/>
        <line num="37" type="method" name="__clone" crap="3" count="46"/>
        <line num="38" type="stmt" count="46"/>
        <line num="40" type="stmt" count="46"/>
        <line num="41" type="stmt" count="46"/>
        <line num="43" type="stmt" count="46"/>
        <line num="44" type="stmt" count="46"/>
        <line num="45" type="stmt" count="46"/>
        <line num="46" type="stmt" count="46"/>
        <line num="47" type="stmt" count="46"/>
        <line num="48" type="stmt" count="46"/>
        <line num="55" type="method" name="initColumn" crap="2" count="20"/>
        <line num="56" type="stmt" count="20"/>
        <line num="57" type="stmt" count="20"/>
        <line num="58" type="stmt" count="20"/>
        <line num="59" type="stmt" count="20"/>
        <line num="75" type="method" name="initColumnByString" crap="7" count="20"/>
        <line num="76" type="stmt" count="20"/>
        <line num="77" type="stmt" count="4"/>
        <line num="78" type="stmt" count="4"/>
        <line num="79" type="stmt" count="4"/>
        <line num="80" type="stmt" count="4"/>
        <line num="81" type="stmt" count="4"/>
        <line num="82" type="stmt" count="20"/>
        <line num="83" type="stmt" count="7"/>
        <line num="84" type="stmt" count="7"/>
        <line num="85" type="stmt" count="7"/>
        <line num="86" type="stmt" count="20"/>
        <line num="87" type="stmt" count="2"/>
        <line num="88" type="stmt" count="2"/>
        <line num="89" type="stmt" count="2"/>
        <line num="90" type="stmt" count="20"/>
        <line num="91" type="stmt" count="5"/>
        <line num="92" type="stmt" count="5"/>
        <line num="93" type="stmt" count="5"/>
        <line num="95" type="stmt" count="20"/>
        <line num="96" type="stmt" count="20"/>
        <line num="97" type="stmt" count="20"/>
        <line num="99" type="stmt" count="20"/>
        <line num="100" type="stmt" count="4"/>
        <line num="101" type="stmt" count="4"/>
        <line num="102" type="stmt" count="4"/>
        <line num="104" type="stmt" count="20"/>
        <line num="105" type="stmt" count="20"/>
        <line num="106" type="stmt" count="2"/>
        <line num="107" type="stmt" count="2"/>
        <line num="108" type="stmt" count="2"/>
        <line num="109" type="stmt" count="2"/>
        <line num="110" type="stmt" count="20"/>
        <line num="125" type="method" name="setRecord" crap="1" count="45"/>
        <line num="126" type="stmt" count="45"/>
        <line num="127" type="stmt" count="45"/>
        <line num="163" type="method" name="setMinLength" crap="1" count="1"/>
        <line num="164" type="stmt" count="1"/>
        <line num="165" type="stmt" count="1"/>
        <line num="181" type="method" name="setEmptiable" crap="1" count="1"/>
        <line num="182" type="stmt" count="1"/>
        <line num="183" type="stmt" count="1"/>
        <line num="198" type="method" name="getIsPrimaryKey" crap="1" count="19"/>
        <line num="199" type="stmt" count="19"/>
        <line num="242" type="method" name="getIsAutoIncrease" crap="1" count="8"/>
        <line num="243" type="stmt" count="8"/>
        <line num="274" type="method" name="setValue" crap="2" count="48"/>
        <line num="275" type="stmt" count="48"/>
        <line num="276" type="stmt" count="48"/>
        <line num="277" type="stmt" count="48"/>
        <line num="279" type="stmt" count="48"/>
        <line num="280" type="stmt" count="48"/>
        <line num="288" type="method" name="getValue" crap="3" count="39"/>
        <line num="289" type="stmt" count="39"/>
        <line num="296" type="method" name="quoteValue" crap="4" count="1"/>
        <line num="297" type="stmt" count="1"/>
        <line num="298" type="stmt" count="1"/>
        <line num="300" type="stmt" count="1"/>
        <line num="301" type="stmt" count="1"/>
        <line num="303" type="stmt" count="1"/>
        <line num="304" type="stmt" count="1"/>
        <line num="307" type="stmt" count="1"/>
        <line num="316" type="method" name="isDirty" crap="1" count="8"/>
        <line num="317" type="stmt" count="8"/>
        <line num="323" type="method" name="cleanDirty" crap="1" count="1"/>
        <line num="324" type="stmt" count="1"/>
        <line num="325" type="stmt" count="1"/>
        <line num="332" type="method" name="refresh" crap="1" count="1"/>
        <line num="333" type="stmt" count="1"/>
        <line num="334" type="stmt" count="1"/>
        <line num="350" type="method" name="addError" crap="1" count="15"/>
        <line num="351" type="stmt" count="15"/>
        <line num="352" type="stmt" count="15"/>
        <line num="360" type="method" name="hasError" crap="1" count="18"/>
        <line num="361" type="stmt" count="18"/>
        <line num="369" type="method" name="getErrors" crap="1" count="6"/>
        <line num="370" type="stmt" count="6"/>
        <line num="385" type="method" name="addValidator" crap="1" count="1"/>
        <line num="386" type="stmt" count="1"/>
        <line num="387" type="stmt" count="1"/>
        <line num="395" type="method" name="validate" crap="6" count="23"/>
        <line num="396" type="stmt" count="23"/>
        <line num="398" type="stmt" count="23"/>
        <line num="399" type="stmt" count="16"/>
        <line num="402" type="stmt" count="23"/>
        <line num="405" type="stmt" count="23"/>
        <line num="406" type="stmt" count="23"/>
        <line num="408" type="stmt" count="23"/>
        <line num="409" type="stmt" count="23"/>
        <line num="410" type="stmt" count="23"/>
        <line num="411" type="stmt" count="12"/>
        <line num="413" type="stmt" count="23"/>
        <line num="415" type="stmt" count="21"/>
        <line num="416" type="stmt" count="21"/>
        <line num="417" type="stmt" count="1"/>
        <line num="418" type="stmt" count="1"/>
        <line num="419" type="stmt" count="1"/>
        <line num="420" type="stmt" count="21"/>
        <line num="422" type="stmt" count="21"/>
        <line num="431" type="method" name="validateNotNull" crap="3" count="23"/>
        <line num="432" type="stmt" count="23"/>
        <line num="433" type="stmt" count="3"/>
        <line num="434" type="stmt" count="3"/>
        <line num="436" type="stmt" count="23"/>
        <line num="445" type="method" name="validateDataType" crap="2.26" count="23"/>
        <line num="446" type="stmt" count="23"/>
        <line num="447" type="stmt" count="23"/>
        <line num="448" type="stmt" count="23"/>
        <line num="451" type="stmt" count="0"/>
        <line num="452" type="stmt" count="0"/>
        <line num="462" type="method" name="validateDataTypeInt" crap="4" count="20"/>
        <line num="463" type="stmt" count="20"/>
        <line num="464" type="stmt" count="8"/>
        <line num="467" type="stmt" count="18"/>
        <line num="468" type="stmt" count="8"/>
        <line num="469" type="stmt" count="8"/>
        <line num="471" type="stmt" count="16"/>
        <line num="480" type="method" name="validateDataTypeVarchar" crap="4" count="3"/>
        <line num="481" type="stmt" count="3"/>
        <line num="482" type="stmt" count="3"/>
        <line num="483" type="stmt" count="1"/>
        <line num="484" type="stmt" count="1"/>
        <line num="486" type="stmt" count="3"/>
        <line num="495" type="method" name="validateDataTypeDatetime" crap="2.06" count="1"/>
        <line num="496" type="stmt" count="1"/>
        <line num="497" type="stmt" count="1"/>
        <line num="498" type="stmt" count="1"/>
        <line num="500" type="stmt" count="0"/>
        <line num="509" type="method" name="validateLength" crap="6" count="23"/>
        <line num="510" type="stmt" count="23"/>
        <line num="511" type="stmt" count="20"/>
        <line num="514" type="stmt" count="3"/>
        <line num="515" type="stmt" count="1"/>
        <line num="516" type="stmt" count="1"/>
        <line num="519" type="stmt" count="2"/>
        <line num="520" type="stmt" count="1"/>
        <line num="521" type="stmt" count="1"/>
        <line num="524" type="stmt" count="2"/>
        <line num="532" type="method" name="validateUnique" crap="4.12" count="22"/>
        <line num="533" type="stmt" count="22"/>
        <line num="534" type="stmt" count="0"/>
        <line num="535" type="stmt" count="0"/>
        <line num="538" type="stmt" count="22"/>
        <line num="546" type="method" name="validatePrimaryKey" crap="4.12" count="22"/>
        <line num="547" type="stmt" count="22"/>
        <line num="548" type="stmt" count="0"/>
        <line num="549" type="stmt" count="0"/>
        <line num="552" type="stmt" count="22"/>
        <line num="560" type="method" name="validateUnsigned" crap="3" count="22"/>
        <line num="561" type="stmt" count="22"/>
        <line num="562" type="stmt" count="1"/>
        <line num="563" type="stmt" count="1"/>
        <line num="565" type="stmt" count="21"/>
        <line num="573" type="method" name="validateEmptiable" crap="3" count="23"/>
        <line num="574" type="stmt" count="23"/>
        <line num="575" type="stmt" count="1"/>
        <line num="576" type="stmt" count="1"/>
        <line num="578" type="stmt" count="23"/>
        <metrics loc="579" ncloc="310" classes="1" methods="30" coveredmethods="26" conditionals="0" coveredconditionals="0" statements="148" coveredstatements="141" elements="178" coveredelements="167"/>
      </file>
    </package>
    <package name="X\Database">
      <file name="/home/michael/Projects/001.PHP-MyQuestion/util/db/database.php">
        <class name="Database" namespace="X\Database">
          <metrics methods="5" coveredmethods="3" conditionals="0" coveredconditionals="0" statements="20" coveredstatements="16" elements="25" coveredelements="19"/>
        </class>
        <line num="23" type="method" name="__construct" crap="1" count="7"/>
        <line num="24" type="stmt" count="7"/>
        <line num="25" type="stmt" count="7"/>
        <line num="32" type="method" name="__call" crap="1" count="86"/>
        <line num="33" type="stmt" count="86"/>
        <line num="56" type="method" name="getDriver" crap="2" count="86"/>
        <line num="57" type="stmt" count="86"/>
        <line num="58" type="stmt" count="86"/>
        <line num="59" type="stmt" count="86"/>
        <line num="67" type="method" name="getDriverByConfig" crap="3.11" count="1"/>
        <line num="68" type="stmt" count="1"/>
        <line num="69" type="stmt" count="1"/>
        <line num="70" type="stmt" count="1"/>
        <line num="71" type="stmt" count="0"/>
        <line num="72" type="stmt" count="0"/>
        <line num="73" type="stmt" count="1"/>
        <line num="74" type="stmt" count="1"/>
        <line num="75" type="stmt" count="1"/>
        <line num="76" type="stmt" count="1"/>
        <line num="77" type="stmt" count="1"/>
        <line num="79" type="stmt" count="0"/>
        <line num="82" type="stmt" count="1"/>
        <line num="83" type="stmt" count="1"/>
        <line num="91" type="method" name="getConfig" crap="2" count="0"/>
        <line num="92" type="stmt" count="0"/>
        <metrics loc="93" ncloc="43" classes="1" methods="5" coveredmethods="3" conditionals="0" coveredconditionals="0" statements="20" coveredstatements="16" elements="25" coveredelements="19"/>
      </file>
      <file name="/home/michael/Projects/001.PHP-MyQuestion/util/db/management.php">
        <class name="Management" namespace="X\Database">
          <metrics methods="10" coveredmethods="9" conditionals="0" coveredconditionals="0" statements="34" coveredstatements="31" elements="44" coveredelements="40"/>
        </class>
        <line num="27" type="method" name="getManager" crap="2" count="92"/>
        <line num="28" type="stmt" count="92"/>
        <line num="36" type="method" name="__construct" crap="2" count="0"/>
        <line num="37" type="stmt" count="0"/>
        <line num="38" type="stmt" count="0"/>
        <line num="39" type="stmt" count="0"/>
        <line num="59" type="method" name="autoloader" crap="3" count="8"/>
        <line num="61" type="stmt" count="8"/>
        <line num="62" type="stmt" count="8"/>
        <line num="63" type="stmt" count="8"/>
        <line num="64" type="stmt" count="8"/>
        <line num="65" type="stmt" count="1"/>
        <line num="66" type="stmt" count="1"/>
        <line num="67" type="stmt" count="8"/>
        <line num="87" type="method" name="addDb" crap="2" count="6"/>
        <line num="88" type="stmt" count="6"/>
        <line num="89" type="stmt" count="1"/>
        <line num="91" type="stmt" count="6"/>
        <line num="92" type="stmt" count="6"/>
        <line num="103" type="method" name="getDb" crap="2" count="87"/>
        <line num="104" type="stmt" count="87"/>
        <line num="105" type="stmt" count="86"/>
        <line num="106" type="stmt" count="86"/>
        <line num="108" type="stmt" count="87"/>
        <line num="109" type="stmt" count="87"/>
        <line num="121" type="method" name="hasDb" crap="1" count="3"/>
        <line num="122" type="stmt" count="3"/>
        <line num="148" type="method" name="switchTo" crap="1" count="3"/>
        <line num="149" type="stmt" count="3"/>
        <line num="150" type="stmt" count="3"/>
        <line num="151" type="stmt" count="3"/>
        <line num="160" type="method" name="getCurrentDbName" crap="1" count="3"/>
        <line num="161" type="stmt" count="3"/>
        <line num="174" type="method" name="removeDb" crap="2" count="1"/>
        <line num="175" type="stmt" count="1"/>
        <line num="176" type="stmt" count="1"/>
        <line num="177" type="stmt" count="1"/>
        <line num="178" type="stmt" count="1"/>
        <line num="179" type="stmt" count="1"/>
        <line num="180" type="stmt" count="1"/>
        <line num="190" type="method" name="checkDbByName" crap="2" count="90"/>
        <line num="191" type="stmt" count="90"/>
        <line num="192" type="stmt" count="2"/>
        <line num="194" type="stmt" count="90"/>
        <metrics loc="194" ncloc="74" classes="1" methods="10" coveredmethods="9" conditionals="0" coveredconditionals="0" statements="34" coveredstatements="31" elements="44" coveredelements="40"/>
      </file>
    </package>
    <package name="X\Database\Driver\Mysql">
      <file name="/home/michael/Projects/001.PHP-MyQuestion/util/db/drivers/mysql/pdo.php">
        <class name="PDO" namespace="X\Database\Driver\Mysql">
          <metrics methods="6" coveredmethods="6" conditionals="0" coveredconditionals="0" statements="13" coveredstatements="13" elements="19" coveredelements="19"/>
        </class>
        <line num="22" type="method" name="__construct" crap="1" count="7"/>
        <line num="23" type="stmt" count="7"/>
        <line num="24" type="stmt" count="7"/>
        <line num="32" type="method" name="exec" crap="1" count="44"/>
        <line num="33" type="stmt" count="44"/>
        <line num="34" type="stmt" count="44"/>
        <line num="35" type="stmt" count="44"/>
        <line num="43" type="method" name="query" crap="2" count="34"/>
        <line num="44" type="stmt" count="34"/>
        <line num="45" type="stmt" count="34"/>
        <line num="46" type="stmt" count="1"/>
        <line num="49" type="stmt" count="34"/>
        <line num="50" type="stmt" count="34"/>
        <line num="57" type="method" name="quote" crap="1" count="80"/>
        <line num="58" type="stmt" count="80"/>
        <line num="65" type="method" name="lastInsertId" crap="1" count="8"/>
        <line num="66" type="stmt" count="8"/>
        <line num="73" type="method" name="quoteTableName" crap="1" count="1"/>
        <line num="74" type="stmt" count="1"/>
        <metrics loc="75" ncloc="36" classes="1" methods="6" coveredmethods="6" conditionals="0" coveredconditionals="0" statements="13" coveredstatements="13" elements="19" coveredelements="19"/>
      </file>
    </package>
    <package name="X\Database\Migration">
      <file name="/home/michael/Projects/001.PHP-MyQuestion/util/db/migration/management.php">
        <class name="Management" namespace="X\Database\Migration">
          <metrics methods="7" coveredmethods="4" conditionals="0" coveredconditionals="0" statements="67" coveredstatements="59" elements="74" coveredelements="63"/>
        </class>
        <line num="35" type="method" name="manager" crap="2" count="2"/>
        <line num="36" type="stmt" count="2"/>
        <line num="54" type="method" name="setMigrationPath" crap="6" count="0"/>
        <line num="55" type="stmt" count="0"/>
        <line num="56" type="stmt" count="0"/>
        <line num="58" type="stmt" count="0"/>
        <line num="59" type="stmt" count="0"/>
        <line num="67" type="method" name="getMigrationFileList" crap="5" count="2"/>
        <line num="68" type="stmt" count="2"/>
        <line num="69" type="stmt" count="2"/>
        <line num="70" type="stmt" count="2"/>
        <line num="71" type="stmt" count="2"/>
        <line num="72" type="stmt" count="2"/>
        <line num="74" type="stmt" count="2"/>
        <line num="75" type="stmt" count="2"/>
        <line num="76" type="stmt" count="2"/>
        <line num="77" type="stmt" count="2"/>
        <line num="78" type="stmt" count="2"/>
        <line num="80" type="stmt" count="2"/>
        <line num="82" type="stmt" count="2"/>
        <line num="83" type="stmt" count="2"/>
        <line num="84" type="stmt" count="2"/>
        <line num="85" type="stmt" count="2"/>
        <line num="91" type="method" name="getMigrationHistory" crap="2" count="2"/>
        <line num="92" type="stmt" count="2"/>
        <line num="93" type="stmt" count="2"/>
        <line num="94" type="stmt" count="2"/>
        <line num="95" type="stmt" count="1"/>
        <line num="96" type="stmt" count="1"/>
        <line num="97" type="stmt" count="2"/>
        <line num="98" type="stmt" count="2"/>
        <line num="106" type="method" name="updateMigrationHistory" crap="2" count="2"/>
        <line num="107" type="stmt" count="2"/>
        <line num="108" type="stmt" count="1"/>
        <line num="109" type="stmt" count="2"/>
        <line num="110" type="stmt" count="2"/>
        <line num="111" type="stmt" count="2"/>
        <line num="112" type="stmt" count="2"/>
        <line num="117" type="method" name="up" crap="4.00" count="1"/>
        <line num="118" type="stmt" count="1"/>
        <line num="119" type="stmt" count="1"/>
        <line num="120" type="stmt" count="1"/>
        <line num="121" type="stmt" count="1"/>
        <line num="122" type="stmt" count="0"/>
        <line num="125" type="stmt" count="1"/>
        <line num="126" type="stmt" count="1"/>
        <line num="127" type="stmt" count="1"/>
        <line num="129" type="stmt" count="1"/>
        <line num="130" type="stmt" count="1"/>
        <line num="131" type="stmt" count="1"/>
        <line num="132" type="stmt" count="1"/>
        <line num="133" type="stmt" count="1"/>
        <line num="134" type="stmt" count="1"/>
        <line num="135" type="stmt" count="1"/>
        <line num="136" type="stmt" count="1"/>
        <line num="137" type="stmt" count="1"/>
        <line num="142" type="method" name="down" crap="4.09" count="1"/>
        <line num="143" type="stmt" count="1"/>
        <line num="144" type="stmt" count="1"/>
        <line num="145" type="stmt" count="1"/>
        <line num="146" type="stmt" count="1"/>
        <line num="147" type="stmt" count="0"/>
        <line num="150" type="stmt" count="1"/>
        <line num="151" type="stmt" count="1"/>
        <line num="152" type="stmt" count="1"/>
        <line num="154" type="stmt" count="1"/>
        <line num="155" type="stmt" count="0"/>
        <line num="156" type="stmt" count="0"/>
        <line num="157" type="stmt" count="1"/>
        <line num="158" type="stmt" count="1"/>
        <line num="159" type="stmt" count="1"/>
        <line num="160" type="stmt" count="1"/>
        <line num="161" type="stmt" count="1"/>
        <line num="162" type="stmt" count="1"/>
        <metrics loc="162" ncloc="106" classes="1" methods="7" coveredmethods="4" conditionals="0" coveredconditionals="0" statements="67" coveredstatements="59" elements="74" coveredelements="63"/>
      </file>
      <file name="/home/michael/Projects/001.PHP-MyQuestion/util/db/migration/migrate.php">
        <class name="Migrate" namespace="X\Database\Migration">
          <metrics methods="13" coveredmethods="13" conditionals="0" coveredconditionals="0" statements="25" coveredstatements="25" elements="38" coveredelements="38"/>
        </class>
        <line num="28" type="method" name="openTable" crap="1" count="1"/>
        <line num="29" type="stmt" count="1"/>
        <line num="38" type="method" name="createTable" crap="1" count="1"/>
        <line num="39" type="stmt" count="1"/>
        <line num="40" type="stmt" count="1"/>
        <line num="48" type="method" name="dropTable" crap="1" count="1"/>
        <line num="49" type="stmt" count="1"/>
        <line num="50" type="stmt" count="1"/>
        <line num="59" type="method" name="renameTable" crap="1" count="1"/>
        <line num="60" type="stmt" count="1"/>
        <line num="61" type="stmt" count="1"/>
        <line num="70" type="method" name="addColumn" crap="1" count="1"/>
        <line num="71" type="stmt" count="1"/>
        <line num="72" type="stmt" count="1"/>
        <line num="81" type="method" name="dropColumn" crap="1" count="1"/>
        <line num="82" type="stmt" count="1"/>
        <line num="83" type="stmt" count="1"/>
        <line num="93" type="method" name="changeColumn" crap="1" count="1"/>
        <line num="94" type="stmt" count="1"/>
        <line num="95" type="stmt" count="1"/>
        <line num="104" type="method" name="insert" crap="1" count="1"/>
        <line num="105" type="stmt" count="1"/>
        <line num="106" type="stmt" count="1"/>
        <line num="114" type="method" name="truncate" crap="1" count="1"/>
        <line num="115" type="stmt" count="1"/>
        <line num="116" type="stmt" count="1"/>
        <line num="126" type="method" name="addIndex" crap="1" count="1"/>
        <line num="127" type="stmt" count="1"/>
        <line num="128" type="stmt" count="1"/>
        <line num="137" type="method" name="dropIndex" crap="1" count="1"/>
        <line num="138" type="stmt" count="1"/>
        <line num="139" type="stmt" count="1"/>
        <line num="148" type="method" name="setPrimaryKey" crap="1" count="1"/>
        <line num="149" type="stmt" count="1"/>
        <line num="150" type="stmt" count="1"/>
        <line num="158" type="method" name="dropPrimaryKey" crap="1" count="1"/>
        <line num="159" type="stmt" count="1"/>
        <line num="160" type="stmt" count="1"/>
        <metrics loc="161" ncloc="69" classes="1" methods="13" coveredmethods="13" conditionals="0" coveredconditionals="0" statements="25" coveredstatements="25" elements="38" coveredelements="38"/>
      </file>
    </package>
    <package name="X\Database\SQL\Action">
      <file name="/home/michael/Projects/001.PHP-MyQuestion/util/db/sql/actions/action.about.table.php">
        <class name="ActionAboutTable" namespace="X\Database\SQL\Action">
          <metrics methods="1" coveredmethods="1" conditionals="0" coveredconditionals="0" statements="2" coveredstatements="2" elements="3" coveredelements="3"/>
        </class>
        <line num="27" type="method" name="name" crap="1" count="45"/>
        <line num="28" type="stmt" count="45"/>
        <line num="29" type="stmt" count="45"/>
        <metrics loc="30" ncloc="9" classes="1" methods="1" coveredmethods="1" conditionals="0" coveredconditionals="0" statements="2" coveredstatements="2" elements="3" coveredelements="3"/>
      </file>
      <file name="/home/michael/Projects/001.PHP-MyQuestion/util/db/sql/actions/action.with.condition.php">
        <class name="ActionWithCondition" namespace="X\Database\SQL\Action">
          <metrics methods="9" coveredmethods="9" conditionals="0" coveredconditionals="0" statements="41" coveredstatements="41" elements="50" coveredelements="50"/>
        </class>
        <line num="32" type="method" name="where" crap="1" count="29"/>
        <line num="33" type="stmt" count="29"/>
        <line num="34" type="stmt" count="29"/>
        <line num="45" type="method" name="getConditionString" crap="3" count="52"/>
        <line num="46" type="stmt" count="52"/>
        <line num="48" type="stmt" count="29"/>
        <line num="49" type="stmt" count="29"/>
        <line num="50" type="stmt" count="16"/>
        <line num="51" type="stmt" count="16"/>
        <line num="52" type="stmt" count="29"/>
        <line num="53" type="stmt" count="29"/>
        <line num="54" type="stmt" count="29"/>
        <line num="80" type="method" name="orderBy" crap="3" count="2"/>
        <line num="81" type="stmt" count="2"/>
        <line num="82" type="stmt" count="1"/>
        <line num="83" type="stmt" count="1"/>
        <line num="84" type="stmt" count="1"/>
        <line num="85" type="stmt" count="1"/>
        <line num="87" type="stmt" count="2"/>
        <line num="88" type="stmt" count="2"/>
        <line num="90" type="stmt" count="2"/>
        <line num="100" type="method" name="hasOrder" crap="1" count="52"/>
        <line num="101" type="stmt" count="52"/>
        <line num="112" type="method" name="getOrderString" crap="5" count="51"/>
        <line num="113" type="stmt" count="51"/>
        <line num="115" type="stmt" count="1"/>
        <line num="116" type="stmt" count="1"/>
        <line num="117" type="stmt" count="1"/>
        <line num="118" type="stmt" count="1"/>
        <line num="119" type="stmt" count="1"/>
        <line num="120" type="stmt" count="1"/>
        <line num="122" type="stmt" count="1"/>
        <line num="124" type="stmt" count="1"/>
        <line num="125" type="stmt" count="1"/>
        <line num="126" type="stmt" count="1"/>
        <line num="127" type="stmt" count="1"/>
        <line num="147" type="method" name="limit" crap="1" count="29"/>
        <line num="148" type="stmt" count="29"/>
        <line num="149" type="stmt" count="29"/>
        <line num="160" type="method" name="getLimitString" crap="3" count="52"/>
        <line num="161" type="stmt" count="52"/>
        <line num="162" type="stmt" count="24"/>
        <line num="163" type="stmt" count="24"/>
        <line num="185" type="method" name="offset" crap="1" count="1"/>
        <line num="186" type="stmt" count="1"/>
        <line num="187" type="stmt" count="1"/>
        <line num="198" type="method" name="getOffsetString" crap="2" count="41"/>
        <line num="199" type="stmt" count="41"/>
        <line num="200" type="stmt" count="1"/>
        <line num="201" type="stmt" count="1"/>
        <metrics loc="202" ncloc="84" classes="1" methods="9" coveredmethods="9" conditionals="0" coveredconditionals="0" statements="41" coveredstatements="41" elements="50" coveredelements="50"/>
      </file>
      <file name="/home/michael/Projects/001.PHP-MyQuestion/util/db/sql/actions/alter.table.php">
        <class name="AlterTable" namespace="X\Database\SQL\Action">
          <metrics methods="19" coveredmethods="17" conditionals="0" coveredconditionals="0" statements="59" coveredstatements="57" elements="78" coveredelements="74"/>
        </class>
        <line num="19" type="method" name="getNameString" crap="2.06" count="10"/>
        <line num="20" type="stmt" count="10"/>
        <line num="21" type="stmt" count="0"/>
        <line num="24" type="stmt" count="10"/>
        <line num="25" type="stmt" count="10"/>
        <line num="37" type="method" name="getActionString" crap="2.03" count="10"/>
        <line num="38" type="stmt" count="10"/>
        <line num="39" type="stmt" count="10"/>
        <line num="40" type="stmt" count="0"/>
        <line num="42" type="stmt" count="10"/>
        <line num="43" type="stmt" count="10"/>
        <line num="52" type="method" name="addColumn" crap="1" count="2"/>
        <line num="53" type="stmt" count="2"/>
        <line num="54" type="stmt" count="2"/>
        <line num="55" type="stmt" count="2"/>
        <line num="61" type="method" name="actionHandlerAddColumn" crap="1" count="2"/>
        <line num="62" type="stmt" count="2"/>
        <line num="63" type="stmt" count="2"/>
        <line num="64" type="stmt" count="2"/>
        <line num="65" type="stmt" count="2"/>
        <line num="66" type="stmt" count="2"/>
        <line num="74" type="method" name="addIndex" crap="1" count="3"/>
        <line num="75" type="stmt" count="3"/>
        <line num="76" type="stmt" count="3"/>
        <line num="77" type="stmt" count="3"/>
        <line num="83" type="method" name="actionHandlerAddIndex" crap="1" count="3"/>
        <line num="84" type="stmt" count="3"/>
        <line num="85" type="stmt" count="3"/>
        <line num="86" type="stmt" count="3"/>
        <line num="87" type="stmt" count="3"/>
        <line num="94" type="method" name="addPrimaryKey" crap="1" count="3"/>
        <line num="95" type="stmt" count="3"/>
        <line num="96" type="stmt" count="3"/>
        <line num="97" type="stmt" count="3"/>
        <line num="103" type="method" name="actionHandlerAddPrimaryKey" crap="1" count="3"/>
        <line num="104" type="stmt" count="3"/>
        <line num="105" type="stmt" count="3"/>
        <line num="106" type="stmt" count="3"/>
        <line num="114" type="method" name="addUnique" crap="1" count="1"/>
        <line num="115" type="stmt" count="1"/>
        <line num="116" type="stmt" count="1"/>
        <line num="117" type="stmt" count="1"/>
        <line num="123" type="method" name="actionHandlerAddUnique" crap="1" count="1"/>
        <line num="124" type="stmt" count="1"/>
        <line num="125" type="stmt" count="1"/>
        <line num="126" type="stmt" count="1"/>
        <line num="136" type="method" name="changeColumn" crap="1" count="3"/>
        <line num="137" type="stmt" count="3"/>
        <line num="138" type="stmt" count="3"/>
        <line num="139" type="stmt" count="3"/>
        <line num="145" type="method" name="actionHandlerChangeColumn" crap="1" count="3"/>
        <line num="146" type="stmt" count="3"/>
        <line num="147" type="stmt" count="3"/>
        <line num="148" type="stmt" count="3"/>
        <line num="149" type="stmt" count="3"/>
        <line num="150" type="stmt" count="3"/>
        <line num="157" type="method" name="dropColumn" crap="1" count="2"/>
        <line num="158" type="stmt" count="2"/>
        <line num="159" type="stmt" count="2"/>
        <line num="160" type="stmt" count="2"/>
        <line num="166" type="method" name="actionHandlerDropColumn" crap="1" count="2"/>
        <line num="167" type="stmt" count="2"/>
        <line num="168" type="stmt" count="2"/>
        <line num="174" type="method" name="dropPrimaryKey" crap="1" count="2"/>
        <line num="175" type="stmt" count="2"/>
        <line num="176" type="stmt" count="2"/>
        <line num="182" type="method" name="actionHandlerDropPrimaryKey" crap="1" count="2"/>
        <line num="183" type="stmt" count="2"/>
        <line num="184" type="stmt" count="2"/>
        <line num="191" type="method" name="dropIndex" crap="1" count="3"/>
        <line num="192" type="stmt" count="3"/>
        <line num="193" type="stmt" count="3"/>
        <line num="194" type="stmt" count="3"/>
        <line num="200" type="method" name="actionHandlerDropIndex" crap="1" count="3"/>
        <line num="201" type="stmt" count="3"/>
        <line num="202" type="stmt" count="3"/>
        <line num="208" type="method" name="getBuildHandlers" crap="1" count="10"/>
        <line num="209" type="stmt" count="10"/>
        <metrics loc="210" ncloc="114" classes="1" methods="19" coveredmethods="17" conditionals="0" coveredconditionals="0" statements="59" coveredstatements="57" elements="78" coveredelements="74"/>
      </file>
      <file name="/home/michael/Projects/001.PHP-MyQuestion/util/db/sql/actions/base.php">
        <class name="Base" namespace="X\Database\SQL\Action">
          <metrics methods="4" coveredmethods="4" conditionals="0" coveredconditionals="0" statements="7" coveredstatements="7" elements="11" coveredelements="11"/>
        </class>
        <line num="34" type="method" name="toString" crap="2" count="77"/>
        <line num="35" type="stmt" count="77"/>
        <line num="36" type="stmt" count="77"/>
        <line num="37" type="stmt" count="77"/>
        <line num="39" type="stmt" count="76"/>
        <line num="47" type="method" name="quoteColumnName" crap="1" count="17"/>
        <line num="48" type="stmt" count="17"/>
        <line num="56" type="method" name="quoteColumnNames" crap="1" count="6"/>
        <line num="57" type="stmt" count="6"/>
        <line num="65" type="method" name="quoteTableName" crap="1" count="43"/>
        <line num="66" type="stmt" count="43"/>
        <metrics loc="67" ncloc="26" classes="1" methods="4" coveredmethods="4" conditionals="0" coveredconditionals="0" statements="7" coveredstatements="7" elements="11" coveredelements="11"/>
      </file>
      <file name="/home/michael/Projects/001.PHP-MyQuestion/util/db/sql/actions/create.table.php">
        <class name="CreateTable" namespace="X\Database\SQL\Action">
          <metrics methods="4" coveredmethods="3" conditionals="0" coveredconditionals="0" statements="13" coveredstatements="12" elements="17" coveredelements="15"/>
        </class>
        <line num="19" type="method" name="getNameString" crap="2.06" count="15"/>
        <line num="20" type="stmt" count="15"/>
        <line num="21" type="stmt" count="0"/>
        <line num="24" type="stmt" count="15"/>
        <line num="25" type="stmt" count="15"/>
        <line num="45" type="method" name="columns" crap="1" count="15"/>
        <line num="46" type="stmt" count="15"/>
        <line num="47" type="stmt" count="15"/>
        <line num="55" type="method" name="getColumnString" crap="2" count="15"/>
        <line num="56" type="stmt" count="15"/>
        <line num="57" type="stmt" count="15"/>
        <line num="58" type="stmt" count="15"/>
        <line num="59" type="stmt" count="15"/>
        <line num="60" type="stmt" count="15"/>
        <line num="61" type="stmt" count="15"/>
        <line num="67" type="method" name="getBuildHandlers" crap="1" count="15"/>
        <line num="68" type="stmt" count="15"/>
        <metrics loc="69" ncloc="30" classes="1" methods="4" coveredmethods="3" conditionals="0" coveredconditionals="0" statements="13" coveredstatements="12" elements="17" coveredelements="15"/>
      </file>
      <file name="/home/michael/Projects/001.PHP-MyQuestion/util/db/sql/actions/delete.php">
        <class name="Delete" namespace="X\Database\SQL\Action">
          <metrics methods="11" coveredmethods="11" conditionals="0" coveredconditionals="0" statements="48" coveredstatements="48" elements="59" coveredelements="59"/>
        </class>
        <line num="48" type="method" name="lowPriority" crap="1" count="1"/>
        <line num="49" type="stmt" count="1"/>
        <line num="50" type="stmt" count="1"/>
        <line num="60" type="method" name="getLowPriorityString" crap="2" count="11"/>
        <line num="61" type="stmt" count="11"/>
        <line num="62" type="stmt" count="1"/>
        <line num="63" type="stmt" count="1"/>
        <line num="64" type="stmt" count="11"/>
        <line num="88" type="method" name="quick" crap="1" count="1"/>
        <line num="89" type="stmt" count="1"/>
        <line num="90" type="stmt" count="1"/>
        <line num="100" type="method" name="getQuickString" crap="2" count="11"/>
        <line num="101" type="stmt" count="11"/>
        <line num="102" type="stmt" count="1"/>
        <line num="103" type="stmt" count="1"/>
        <line num="104" type="stmt" count="11"/>
        <line num="128" type="method" name="ignore" crap="1" count="1"/>
        <line num="129" type="stmt" count="1"/>
        <line num="130" type="stmt" count="1"/>
        <line num="140" type="method" name="getIgnoreString" crap="2" count="11"/>
        <line num="141" type="stmt" count="11"/>
        <line num="142" type="stmt" count="1"/>
        <line num="143" type="stmt" count="1"/>
        <line num="145" type="stmt" count="11"/>
        <line num="166" type="method" name="from" crap="2" count="11"/>
        <line num="167" type="stmt" count="11"/>
        <line num="168" type="stmt" count="11"/>
        <line num="169" type="stmt" count="11"/>
        <line num="170" type="stmt" count="11"/>
        <line num="171" type="stmt" count="11"/>
        <line num="181" type="method" name="getTableNameString" crap="3" count="11"/>
        <line num="182" type="stmt" count="11"/>
        <line num="183" type="stmt" count="1"/>
        <line num="184" type="stmt" count="1"/>
        <line num="187" type="stmt" count="11"/>
        <line num="188" type="stmt" count="11"/>
        <line num="189" type="stmt" count="11"/>
        <line num="190" type="stmt" count="11"/>
        <line num="191" type="stmt" count="11"/>
        <line num="192" type="stmt" count="11"/>
        <line num="200" type="method" name="getActionNameString" crap="1" count="11"/>
        <line num="201" type="stmt" count="11"/>
        <line num="202" type="stmt" count="11"/>
        <line num="209" type="method" name="getOrderString" crap="3" count="11"/>
        <line num="210" type="stmt" count="11"/>
        <line num="212" type="stmt" count="1"/>
        <line num="213" type="stmt" count="1"/>
        <line num="216" type="stmt" count="10"/>
        <line num="217" type="stmt" count="10"/>
        <line num="223" type="method" name="getBuildHandlers" crap="1" count="11"/>
        <line num="225" type="stmt" count="11"/>
        <line num="226" type="stmt" count="11"/>
        <line num="227" type="stmt" count="11"/>
        <line num="228" type="stmt" count="11"/>
        <line num="229" type="stmt" count="11"/>
        <line num="230" type="stmt" count="11"/>
        <line num="231" type="stmt" count="11"/>
        <line num="232" type="stmt" count="11"/>
        <line num="233" type="stmt" count="11"/>
        <metrics loc="234" ncloc="98" classes="1" methods="11" coveredmethods="11" conditionals="0" coveredconditionals="0" statements="48" coveredstatements="48" elements="59" coveredelements="59"/>
      </file>
      <file name="/home/michael/Projects/001.PHP-MyQuestion/util/db/sql/actions/drop.table.php">
        <class name="DropTable" namespace="X\Database\SQL\Action">
          <metrics methods="2" coveredmethods="1" conditionals="0" coveredconditionals="0" statements="5" coveredstatements="4" elements="7" coveredelements="5"/>
        </class>
        <line num="19" type="method" name="getNameString" crap="2.06" count="15"/>
        <line num="20" type="stmt" count="15"/>
        <line num="21" type="stmt" count="0"/>
        <line num="24" type="stmt" count="15"/>
        <line num="25" type="stmt" count="15"/>
        <line num="32" type="method" name="getBuildHandlers" crap="1" count="15"/>
        <line num="33" type="stmt" count="15"/>
        <metrics loc="34" ncloc="15" classes="1" methods="2" coveredmethods="1" conditionals="0" coveredconditionals="0" statements="5" coveredstatements="4" elements="7" coveredelements="5"/>
      </file>
      <file name="/home/michael/Projects/001.PHP-MyQuestion/util/db/sql/actions/insert.php">
        <class name="Insert" namespace="X\Database\SQL\Action">
          <metrics methods="16" coveredmethods="16" conditionals="0" coveredconditionals="0" statements="92" coveredstatements="92" elements="108" coveredelements="108"/>
        </class>
        <line num="25" type="method" name="getActionNameString" crap="1" count="42"/>
        <line num="26" type="stmt" count="42"/>
        <line num="27" type="stmt" count="42"/>
        <line num="46" type="method" name="into" crap="1" count="42"/>
        <line num="47" type="stmt" count="42"/>
        <line num="48" type="stmt" count="42"/>
        <line num="59" type="method" name="getIntoString" crap="2" count="42"/>
        <line num="60" type="stmt" count="42"/>
        <line num="61" type="stmt" count="1"/>
        <line num="64" type="stmt" count="42"/>
        <line num="65" type="stmt" count="42"/>
        <line num="87" type="method" name="columns" crap="1" count="1"/>
        <line num="88" type="stmt" count="1"/>
        <line num="89" type="stmt" count="1"/>
        <line num="100" type="method" name="getColumnString" crap="5" count="42"/>
        <line num="101" type="stmt" count="42"/>
        <line num="103" type="stmt" count="12"/>
        <line num="104" type="stmt" count="1"/>
        <line num="105" type="stmt" count="1"/>
        <line num="108" type="stmt" count="12"/>
        <line num="110" type="stmt" count="12"/>
        <line num="111" type="stmt" count="12"/>
        <line num="112" type="stmt" count="12"/>
        <line num="113" type="stmt" count="12"/>
        <line num="114" type="stmt" count="12"/>
        <line num="115" type="stmt" count="12"/>
        <line num="141" type="method" name="values" crap="10" count="41"/>
        <line num="142" type="stmt" count="41"/>
        <line num="143" type="stmt" count="41"/>
        <line num="144" type="stmt" count="7"/>
        <line num="145" type="stmt" count="7"/>
        <line num="146" type="stmt" count="7"/>
        <line num="147" type="stmt" count="7"/>
        <line num="148" type="stmt" count="7"/>
        <line num="149" type="stmt" count="7"/>
        <line num="150" type="stmt" count="7"/>
        <line num="151" type="stmt" count="38"/>
        <line num="152" type="stmt" count="4"/>
        <line num="153" type="stmt" count="4"/>
        <line num="154" type="stmt" count="4"/>
        <line num="155" type="stmt" count="35"/>
        <line num="157" type="stmt" count="34"/>
        <line num="159" type="stmt" count="2"/>
        <line num="161" type="stmt" count="41"/>
        <line num="162" type="stmt" count="41"/>
        <line num="173" type="method" name="getValueString" crap="7" count="42"/>
        <line num="174" type="stmt" count="42"/>
        <line num="175" type="stmt" count="1"/>
        <line num="176" type="stmt" count="1"/>
        <line num="179" type="stmt" count="42"/>
        <line num="181" type="stmt" count="41"/>
        <line num="182" type="stmt" count="41"/>
        <line num="183" type="stmt" count="41"/>
        <line num="184" type="stmt" count="41"/>
        <line num="185" type="stmt" count="41"/>
        <line num="186" type="stmt" count="1"/>
        <line num="187" type="stmt" count="1"/>
        <line num="189" type="stmt" count="41"/>
        <line num="191" type="stmt" count="41"/>
        <line num="192" type="stmt" count="41"/>
        <line num="193" type="stmt" count="41"/>
        <line num="194" type="stmt" count="41"/>
        <line num="195" type="stmt" count="41"/>
        <line num="216" type="method" name="select" crap="1" count="1"/>
        <line num="217" type="stmt" count="1"/>
        <line num="218" type="stmt" count="1"/>
        <line num="229" type="method" name="getSelectString" crap="3" count="42"/>
        <line num="230" type="stmt" count="42"/>
        <line num="232" type="stmt" count="1"/>
        <line num="233" type="stmt" count="1"/>
        <line num="234" type="stmt" count="1"/>
        <line num="235" type="stmt" count="1"/>
        <line num="236" type="stmt" count="1"/>
        <line num="237" type="stmt" count="1"/>
        <line num="260" type="method" name="onDuplicateKeyUpdate" crap="1" count="1"/>
        <line num="261" type="stmt" count="1"/>
        <line num="262" type="stmt" count="1"/>
        <line num="273" type="method" name="getOnDuplicateKeyUpdate" crap="2" count="42"/>
        <line num="274" type="stmt" count="42"/>
        <line num="276" type="stmt" count="1"/>
        <line num="277" type="stmt" count="1"/>
        <line num="278" type="stmt" count="1"/>
        <line num="297" type="method" name="ignoreOnDuplicateKey" crap="1" count="1"/>
        <line num="298" type="stmt" count="1"/>
        <line num="299" type="stmt" count="1"/>
        <line num="310" type="method" name="getIgnoreOnDuplicateKeyString" crap="2" count="42"/>
        <line num="311" type="stmt" count="42"/>
        <line num="312" type="stmt" count="1"/>
        <line num="313" type="stmt" count="1"/>
        <line num="314" type="stmt" count="42"/>
        <line num="339" type="method" name="priority" crap="1" count="1"/>
        <line num="340" type="stmt" count="1"/>
        <line num="341" type="stmt" count="1"/>
        <line num="352" type="method" name="getPriorityString" crap="2" count="42"/>
        <line num="353" type="stmt" count="42"/>
        <line num="354" type="stmt" count="1"/>
        <line num="355" type="stmt" count="1"/>
        <line num="356" type="stmt" count="42"/>
        <line num="363" type="method" name="getBuildHandlers" crap="1" count="42"/>
        <line num="365" type="stmt" count="42"/>
        <line num="366" type="stmt" count="42"/>
        <line num="367" type="stmt" count="42"/>
        <line num="368" type="stmt" count="42"/>
        <line num="369" type="stmt" count="42"/>
        <line num="370" type="stmt" count="42"/>
        <line num="371" type="stmt" count="42"/>
        <line num="372" type="stmt" count="42"/>
        <line num="373" type="stmt" count="42"/>
        <metrics loc="374" ncloc="175" classes="1" methods="16" coveredmethods="16" conditionals="0" coveredconditionals="0" statements="92" coveredstatements="92" elements="108" coveredelements="108"/>
      </file>
      <file name="/home/michael/Projects/001.PHP-MyQuestion/util/db/sql/actions/rename.php">
        <class name="Rename" namespace="X\Database\SQL\Action">
          <metrics methods="3" coveredmethods="2" conditionals="0" coveredconditionals="0" statements="9" coveredstatements="7" elements="12" coveredelements="9"/>
        </class>
        <line num="27" type="method" name="newName" crap="1" count="3"/>
        <line num="28" type="stmt" count="3"/>
        <line num="29" type="stmt" count="3"/>
        <line num="37" type="method" name="getNameString" crap="3.33" count="3"/>
        <line num="38" type="stmt" count="3"/>
        <line num="39" type="stmt" count="0"/>
        <line num="42" type="stmt" count="3"/>
        <line num="43" type="stmt" count="0"/>
        <line num="46" type="stmt" count="3"/>
        <line num="47" type="stmt" count="3"/>
        <line num="54" type="method" name="getBuildHandlers" crap="1" count="3"/>
        <line num="55" type="stmt" count="3"/>
        <metrics loc="56" ncloc="26" classes="1" methods="3" coveredmethods="2" conditionals="0" coveredconditionals="0" statements="9" coveredstatements="7" elements="12" coveredelements="9"/>
      </file>
      <file name="/home/michael/Projects/001.PHP-MyQuestion/util/db/sql/actions/select.php">
        <class name="Select" namespace="X\Database\SQL\Action">
          <metrics methods="20" coveredmethods="19" conditionals="0" coveredconditionals="0" statements="117" coveredstatements="115" elements="137" coveredelements="134"/>
        </class>
        <line num="15" type="method" name="getActionNameString" crap="1" count="41"/>
        <line num="16" type="stmt" count="41"/>
        <line num="17" type="stmt" count="41"/>
        <line num="41" type="method" name="filter" crap="1" count="1"/>
        <line num="42" type="stmt" count="1"/>
        <line num="43" type="stmt" count="1"/>
        <line num="54" type="method" name="getFilterString" crap="2" count="41"/>
        <line num="55" type="stmt" count="41"/>
        <line num="56" type="stmt" count="1"/>
        <line num="57" type="stmt" count="1"/>
        <line num="82" type="method" name="columns" crap="3" count="4"/>
        <line num="83" type="stmt" count="4"/>
        <line num="84" type="stmt" count="4"/>
        <line num="85" type="stmt" count="4"/>
        <line num="87" type="stmt" count="2"/>
        <line num="89" type="stmt" count="4"/>
        <line num="102" type="method" name="expressions" crap="1" count="1"/>
        <line num="103" type="stmt" count="1"/>
        <line num="114" type="method" name="getSelectExprString" crap="5" count="41"/>
        <line num="115" type="stmt" count="41"/>
        <line num="116" type="stmt" count="41"/>
        <line num="117" type="stmt" count="41"/>
        <line num="118" type="stmt" count="3"/>
        <line num="119" type="stmt" count="3"/>
        <line num="120" type="stmt" count="39"/>
        <line num="121" type="stmt" count="38"/>
        <line num="122" type="stmt" count="38"/>
        <line num="124" type="stmt" count="1"/>
        <line num="126" type="stmt" count="41"/>
        <line num="127" type="stmt" count="4"/>
        <line num="128" type="stmt" count="4"/>
        <line num="129" type="stmt" count="41"/>
        <line num="130" type="stmt" count="41"/>
        <line num="131" type="stmt" count="41"/>
        <line num="132" type="stmt" count="41"/>
        <line num="157" type="method" name="from" crap="3" count="40"/>
        <line num="158" type="stmt" count="40"/>
        <line num="159" type="stmt" count="40"/>
        <line num="160" type="stmt" count="1"/>
        <line num="161" type="stmt" count="1"/>
        <line num="163" type="stmt" count="40"/>
        <line num="165" type="stmt" count="40"/>
        <line num="166" type="stmt" count="40"/>
        <line num="177" type="method" name="getFromString" crap="4" count="41"/>
        <line num="178" type="stmt" count="41"/>
        <line num="180" type="stmt" count="40"/>
        <line num="181" type="stmt" count="40"/>
        <line num="182" type="stmt" count="40"/>
        <line num="183" type="stmt" count="40"/>
        <line num="184" type="stmt" count="1"/>
        <line num="185" type="stmt" count="1"/>
        <line num="186" type="stmt" count="40"/>
        <line num="187" type="stmt" count="40"/>
        <line num="188" type="stmt" count="40"/>
        <line num="189" type="stmt" count="40"/>
        <line num="213" type="method" name="groupBy" crap="3" count="2"/>
        <line num="214" type="stmt" count="2"/>
        <line num="215" type="stmt" count="1"/>
        <line num="216" type="stmt" count="1"/>
        <line num="217" type="stmt" count="1"/>
        <line num="218" type="stmt" count="1"/>
        <line num="220" type="stmt" count="2"/>
        <line num="221" type="stmt" count="2"/>
        <line num="223" type="stmt" count="2"/>
        <line num="234" type="method" name="getGroupString" crap="4" count="41"/>
        <line num="235" type="stmt" count="41"/>
        <line num="237" type="stmt" count="2"/>
        <line num="238" type="stmt" count="2"/>
        <line num="239" type="stmt" count="2"/>
        <line num="240" type="stmt" count="2"/>
        <line num="241" type="stmt" count="1"/>
        <line num="242" type="stmt" count="1"/>
        <line num="243" type="stmt" count="2"/>
        <line num="244" type="stmt" count="2"/>
        <line num="245" type="stmt" count="2"/>
        <line num="246" type="stmt" count="2"/>
        <line num="270" type="method" name="having" crap="1" count="1"/>
        <line num="271" type="stmt" count="1"/>
        <line num="272" type="stmt" count="1"/>
        <line num="283" type="method" name="getHavingString" crap="3" count="41"/>
        <line num="284" type="stmt" count="41"/>
        <line num="286" type="stmt" count="1"/>
        <line num="287" type="stmt" count="1"/>
        <line num="288" type="stmt" count="1"/>
        <line num="289" type="stmt" count="1"/>
        <line num="290" type="stmt" count="1"/>
        <line num="291" type="stmt" count="1"/>
        <line num="292" type="stmt" count="1"/>
        <line num="315" type="method" name="intoOutFile" crap="1" count="1"/>
        <line num="316" type="stmt" count="1"/>
        <line num="317" type="stmt" count="1"/>
        <line num="318" type="stmt" count="1"/>
        <line num="319" type="stmt" count="1"/>
        <line num="332" type="method" name="intoDumpFile" crap="1" count="1"/>
        <line num="333" type="stmt" count="1"/>
        <line num="334" type="stmt" count="1"/>
        <line num="335" type="stmt" count="1"/>
        <line num="349" type="method" name="intoVar" crap="1" count="1"/>
[...]
        <class name="SQLBuilder" namespace="X\Database\SQL">
          <metrics methods="11" coveredmethods="11" conditionals="0" coveredconditionals="0" statements="12" coveredstatements="12" elements="23" coveredelements="23"/>
        </class>
        <line num="17" type="method" name="build" crap="1" count="78"/>
        <line num="18" type="stmt" count="78"/>
        <line num="27" type="method" name="getActionByName" crap="1" count="77"/>
        <line num="28" type="stmt" count="77"/>
        <line num="29" type="stmt" count="77"/>
        <line num="37" type="method" name="select" crap="1" count="42"/>
        <line num="38" type="stmt" count="42"/>
        <line num="46" type="method" name="insert" crap="1" count="43"/>
        <line num="47" type="stmt" count="43"/>
        <line num="55" type="method" name="update" crap="1" count="12"/>
        <line num="56" type="stmt" count="12"/>
        <line num="64" type="method" name="delete" crap="1" count="12"/>
        <line num="65" type="stmt" count="12"/>
        <line num="73" type="method" name="createTable" crap="1" count="14"/>
        <line num="74" type="stmt" count="14"/>
        <line num="82" type="method" name="dropTable" crap="1" count="14"/>
        <line num="83" type="stmt" count="14"/>
        <line num="91" type="method" name="truncate" crap="1" count="29"/>
        <line num="92" type="stmt" count="29"/>
        <line num="100" type="method" name="rename" crap="1" count="2"/>
        <line num="101" type="stmt" count="2"/>
        <line num="108" type="method" name="alterTable" crap="1" count="10"/>
        <line num="109" type="stmt" count="10"/>
        <metrics loc="110" ncloc="47" classes="1" methods="11" coveredmethods="11" conditionals="0" coveredconditionals="0" statements="12" coveredstatements="12" elements="23" coveredelements="23"/>
      </file>
    </package>
    <package name="X\Database\SQL\Condition">
      <file name="/home/michael/Projects/001.PHP-MyQuestion/util/db/sql/condition/builder.php">
        <class name="Builder" namespace="X\Database\SQL\Condition">
          <metrics methods="27" coveredmethods="26" conditionals="0" coveredconditionals="0" statements="99" coveredstatements="98" elements="126" coveredelements="124"/>
        </class>
        <line num="68" type="method" name="setNameStyle" crap="1" count="1"/>
        <line num="69" type="stmt" count="1"/>
        <line num="70" type="stmt" count="1"/>
        <line num="79" type="method" name="__call" crap="2" count="2"/>
        <line num="80" type="stmt" count="2"/>
        <line num="81" type="stmt" count="2"/>
        <line num="82" type="stmt" count="2"/>
        <line num="83" type="stmt" count="2"/>
        <line num="84" type="stmt" count="2"/>
        <line num="85" type="stmt" count="2"/>
        <line num="86" type="stmt" count="2"/>
        <line num="87" type="stmt" count="2"/>
        <line num="95" type="method" name="getMagicCallMatchPattern" crap="1" count="2"/>
        <line num="97" type="stmt" count="2"/>
        <line num="98" type="stmt" count="2"/>
        <line num="99" type="stmt" count="2"/>
        <line num="100" type="stmt" count="2"/>
        <line num="101" type="stmt" count="2"/>
        <line num="102" type="stmt" count="2"/>
        <line num="111" type="method" name="convertNameToSnakeStyleFromCamelStyle" crap="3" count="2"/>
        <line num="112" type="stmt" count="2"/>
        <line num="113" type="stmt" count="2"/>
        <line num="114" type="stmt" count="2"/>
        <line num="115" type="stmt" count="2"/>
        <line num="116" type="stmt" count="2"/>
        <line num="117" type="stmt" count="2"/>
        <line num="118" type="stmt" count="2"/>
        <line num="128" type="method" name="build" crap="2" count="56"/>
        <line num="129" type="stmt" count="56"/>
        <line num="130" type="stmt" count="56"/>
        <line num="131" type="stmt" count="31"/>
        <line num="132" type="stmt" count="31"/>
        <line num="133" type="stmt" count="56"/>
        <line num="151" type="method" name="addCondition" crap="9.02" count="56"/>
        <line num="152" type="stmt" count="56"/>
        <line num="153" type="stmt" count="27"/>
        <line num="154" type="stmt" count="27"/>
        <line num="155" type="stmt" count="1"/>
        <line num="156" type="stmt" count="1"/>
        <line num="158" type="stmt" count="27"/>
        <line num="160" type="stmt" count="27"/>
        <line num="161" type="stmt" count="27"/>
        <line num="162" type="stmt" count="27"/>
        <line num="163" type="stmt" count="56"/>
        <line num="164" type="stmt" count="0"/>
        <line num="165" type="stmt" count="56"/>
        <line num="166" type="stmt" count="56"/>
        <line num="167" type="stmt" count="56"/>
        <line num="168" type="stmt" count="56"/>
        <line num="170" type="stmt" count="56"/>
        <line num="181" type="method" name="addSigleCondition" crap="1" count="26"/>
        <line num="182" type="stmt" count="26"/>
        <line num="183" type="stmt" count="26"/>
        <line num="184" type="stmt" count="26"/>
        <line num="193" type="method" name="addConnector" crap="2" count="56"/>
        <line num="194" type="stmt" count="56"/>
        <line num="195" type="stmt" count="56"/>
        <line num="196" type="stmt" count="8"/>
        <line num="197" type="stmt" count="8"/>
        <line num="199" type="stmt" count="56"/>
        <line num="201" type="stmt" count="56"/>
        <line num="211" type="method" name="is" crap="1" count="11"/>
        <line num="212" type="stmt" count="11"/>
        <line num="213" type="stmt" count="11"/>
        <line num="223" type="method" name="isNot" crap="1" count="4"/>
        <line num="224" type="stmt" count="4"/>
        <line num="225" type="stmt" count="4"/>
        <line num="235" type="method" name="equals" crap="1" count="2"/>
        <line num="236" type="stmt" count="2"/>
        <line num="246" type="method" name="notEquals" crap="1" count="3"/>
        <line num="247" type="stmt" count="3"/>
        <line num="257" type="method" name="greaterThan" crap="1" count="1"/>
        <line num="258" type="stmt" count="1"/>
        <line num="259" type="stmt" count="1"/>
        <line num="269" type="method" name="greaterOrEquals" crap="1" count="1"/>
        <line num="270" type="stmt" count="1"/>
        <line num="271" type="stmt" count="1"/>
        <line num="281" type="method" name="lessThan" crap="1" count="1"/>
        <line num="282" type="stmt" count="1"/>
        <line num="283" type="stmt" count="1"/>
        <line num="293" type="method" name="lessOrEquals" crap="1" count="1"/>
        <line num="294" type="stmt" count="1"/>
        <line num="295" type="stmt" count="1"/>
        <line num="305" type="method" name="like" crap="1" count="1"/>
        <line num="306" type="stmt" count="1"/>
        <line num="307" type="stmt" count="1"/>
        <line num="317" type="method" name="startWith" crap="1" count="1"/>
        <line num="318" type="stmt" count="1"/>
        <line num="319" type="stmt" count="1"/>
        <line num="329" type="method" name="endWith" crap="1" count="1"/>
        <line num="330" type="stmt" count="1"/>
        <line num="331" type="stmt" count="1"/>
        <line num="342" type="method" name="between" crap="1" count="1"/>
        <line num="343" type="stmt" count="1"/>
        <line num="344" type="stmt" count="1"/>
        <line num="354" type="method" name="in" crap="1" count="1"/>
        <line num="355" type="stmt" count="1"/>
        <line num="356" type="stmt" count="1"/>
        <line num="366" type="method" name="notIn" crap="1" count="1"/>
        <line num="367" type="stmt" count="1"/>
        <line num="368" type="stmt" count="1"/>
        <line num="376" type="method" name="andAlso" crap="1" count="3"/>
        <line num="377" type="stmt" count="3"/>
        <line num="378" type="stmt" count="3"/>
        <line num="386" type="method" name="orThat" crap="1" count="4"/>
        <line num="387" type="stmt" count="4"/>
        <line num="388" type="stmt" count="4"/>
        <line num="396" type="method" name="groupStart" crap="1" count="5"/>
        <line num="397" type="stmt" count="5"/>
        <line num="398" type="stmt" count="5"/>
        <line num="399" type="stmt" count="5"/>
        <line num="407" type="method" name="groupEnd" crap="2" count="5"/>
        <line num="408" type="stmt" count="5"/>
        <line num="409" type="stmt" count="5"/>
        <line num="410" type="stmt" count="5"/>
        <line num="411" type="stmt" count="5"/>
        <line num="413" type="stmt" count="5"/>
        <line num="414" type="stmt" count="5"/>
        <line num="415" type="stmt" count="5"/>
        <line num="423" type="method" name="toString" crap="3" count="56"/>
        <line num="424" type="stmt" count="56"/>
        <line num="425" type="stmt" count="56"/>
        <line num="426" type="stmt" count="56"/>
        <line num="427" type="stmt" count="56"/>
        <line num="428" type="stmt" count="56"/>
        <line num="429" type="stmt" count="56"/>
        <metrics loc="430" ncloc="195" classes="1" methods="27" coveredmethods="26" conditionals="0" coveredconditionals="0" statements="99" coveredstatements="98" elements="126" coveredelements="124"/>
      </file>
      <file name="/home/michael/Projects/001.PHP-MyQuestion/util/db/sql/condition/condition.php">
        <class name="Condition" namespace="X\Database\SQL\Condition">
          <metrics methods="9" coveredmethods="9" conditionals="0" coveredconditionals="0" statements="36" coveredstatements="36" elements="45" coveredelements="45"/>
        </class>
        <line num="53" type="method" name="__construct" crap="1" count="56"/>
        <line num="54" type="stmt" count="56"/>
        <line num="55" type="stmt" count="56"/>
        <line num="56" type="stmt" count="56"/>
        <line num="57" type="stmt" count="56"/>
        <line num="62" type="method" name="toString" crap="2" count="55"/>
        <line num="63" type="stmt" count="55"/>
        <line num="64" type="stmt" count="55"/>
        <line num="65" type="stmt" count="8"/>
        <line num="68" type="stmt" count="49"/>
        <line num="77" type="method" name="defaultStringBuilder" crap="1" count="49"/>
        <line num="78" type="stmt" count="49"/>
        <line num="79" type="stmt" count="49"/>
        <line num="80" type="stmt" count="49"/>
        <line num="88" type="method" name="stringBuilderLike" crap="1" count="2"/>
        <line num="89" type="stmt" count="2"/>
        <line num="90" type="stmt" count="2"/>
        <line num="91" type="stmt" count="2"/>
        <line num="99" type="method" name="stringBuilderStartWith" crap="1" count="2"/>
        <line num="100" type="stmt" count="2"/>
        <line num="101" type="stmt" count="2"/>
        <line num="102" type="stmt" count="2"/>
        <line num="110" type="method" name="stringBuilderEndWith" crap="1" count="2"/>
        <line num="111" type="stmt" count="2"/>
        <line num="112" type="stmt" count="2"/>
        <line num="113" type="stmt" count="2"/>
        <line num="121" type="method" name="stringBuilderBetween" crap="1" count="2"/>
        <line num="122" type="stmt" count="2"/>
        <line num="123" type="stmt" count="2"/>
        <line num="124" type="stmt" count="2"/>
        <line num="125" type="stmt" count="2"/>
        <line num="133" type="method" name="stringBuilderIn" crap="2" count="3"/>
        <line num="134" type="stmt" count="3"/>
        <line num="135" type="stmt" count="3"/>
        <line num="136" type="stmt" count="3"/>
        <line num="137" type="stmt" count="3"/>
        <line num="138" type="stmt" count="3"/>
        <line num="139" type="stmt" count="3"/>
        <line num="147" type="method" name="stringBuilderNotIn" crap="2" count="2"/>
        <line num="148" type="stmt" count="2"/>
        <line num="149" type="stmt" count="2"/>
        <line num="150" type="stmt" count="2"/>
        <line num="151" type="stmt" count="2"/>
        <line num="152" type="stmt" count="2"/>
        <line num="153" type="stmt" count="2"/>
        <metrics loc="154" ncloc="90" classes="1" methods="9" coveredmethods="9" conditionals="0" coveredconditionals="0" statements="36" coveredstatements="36" elements="45" coveredelements="45"/>
      </file>
      <file name="/home/michael/Projects/001.PHP-MyQuestion/util/db/sql/condition/connector.php">
        <class name="Connector" namespace="X\Database\SQL\Condition">
          <metrics methods="2" coveredmethods="2" conditionals="0" coveredconditionals="0" statements="3" coveredstatements="3" elements="5" coveredelements="5"/>
        </class>
        <line num="24" type="method" name="__construct" crap="1" count="58"/>
        <line num="25" type="stmt" count="58"/>
        <line num="26" type="stmt" count="58"/>
        <line num="31" type="method" name="toString" crap="1" count="57"/>
        <line num="32" type="stmt" count="57"/>
        <metrics loc="33" ncloc="15" classes="1" methods="2" coveredmethods="2" conditionals="0" coveredconditionals="0" statements="3" coveredstatements="3" elements="5" coveredelements="5"/>
      </file>
      <file name="/home/michael/Projects/001.PHP-MyQuestion/util/db/sql/condition/group.php">
        <class name="Group" namespace="X\Database\SQL\Condition">
          <metrics methods="2" coveredmethods="2" conditionals="0" coveredconditionals="0" statements="3" coveredstatements="3" elements="5" coveredelements="5"/>
        </class>
        <line num="27" type="method" name="__construct" crap="1" count="7"/>
        <line num="28" type="stmt" count="7"/>
        <line num="29" type="stmt" count="7"/>
        <line num="35" type="method" name="toString" crap="2" count="6"/>
        <line num="36" type="stmt" count="6"/>
        <metrics loc="37" ncloc="15" classes="1" methods="2" coveredmethods="2" conditionals="0" coveredconditionals="0" statements="3" coveredstatements="3" elements="5" coveredelements="5"/>
      </file>
    </package>
    <package name="X\Database\SQL\Func">
      <file name="/home/michael/Projects/001.PHP-MyQuestion/util/db/sql/functions/count.php">
        <class name="Count" namespace="X\Database\SQL\Func">
          <metrics methods="2" coveredmethods="2" conditionals="0" coveredconditionals="0" statements="3" coveredstatements="3" elements="5" coveredelements="5"/>
        </class>
        <line num="23" type="method" name="__construct" crap="1" count="4"/>
        <line num="24" type="stmt" count="4"/>
        <line num="25" type="stmt" count="4"/>
        <line num="32" type="method" name="toString" crap="1" count="4"/>
        <line num="33" type="stmt" count="4"/>
        <metrics loc="34" ncloc="13" classes="1" methods="2" coveredmethods="2" conditionals="0" coveredconditionals="0" statements="3" coveredstatements="3" elements="5" coveredelements="5"/>
      </file>
      <file name="/home/michael/Projects/001.PHP-MyQuestion/util/db/sql/functions/rand.php">
        <class name="Rand" namespace="X\Database\SQL\Func">
          <metrics methods="1" coveredmethods="1" conditionals="0" coveredconditionals="0" statements="1" coveredstatements="1" elements="2" coveredelements="2"/>
        </class>
        <line num="15" type="method" name="toString" crap="1" count="2"/>
        <line num="16" type="stmt" count="2"/>
        <metrics loc="17" ncloc="6" classes="1" methods="1" coveredmethods="1" conditionals="0" coveredconditionals="0" statements="1" coveredstatements="1" elements="2" coveredelements="2"/>
      </file>
    </package>
    <package name="X\Database\Table">
      <file name="/home/michael/Projects/001.PHP-MyQuestion/util/db/table/management.php">
        <class name="Management" namespace="X\Database\Table">
          <metrics methods="18" coveredmethods="17" conditionals="0" coveredconditionals="0" statements="43" coveredstatements="42" elements="61" coveredelements="59"/>
        </class>
        <line num="23" type="method" name="create" crap="2.01" count="14"/>
        <line num="24" type="stmt" count="14"/>
        <line num="25" type="stmt" count="14"/>
        <line num="26" type="stmt" count="14"/>
        <line num="27" type="stmt" count="14"/>
        <line num="29" type="stmt" count="14"/>
        <line num="30" type="stmt" count="0"/>
        <line num="32" type="stmt" count="14"/>
        <line num="41" type="method" name="executeSQLQueryWithOutResult" crap="1" count="41"/>
        <line num="42" type="stmt" count="41"/>
        <line num="53" type="method" name="open" crap="1" count="33"/>
        <line num="54" type="stmt" count="33"/>
        <line num="71" type="method" name="__construct" crap="1" count="42"/>
        <line num="72" type="stmt" count="42"/>
        <line num="73" type="stmt" count="42"/>
        <line num="80" type="method" name="drop" crap="1" count="14"/>
        <line num="81" type="stmt" count="14"/>
        <line num="82" type="stmt" count="14"/>
        <line num="83" type="stmt" count="14"/>
        <line num="84" type="stmt" count="14"/>
        <line num="92" type="method" name="truncate" crap="2" count="29"/>
        <line num="93" type="stmt" count="29"/>
        <line num="94" type="stmt" count="29"/>
        <line num="95" type="stmt" count="29"/>
        <line num="96" type="stmt" count="29"/>
        <line num="104" type="method" name="insert" crap="2" count="32"/>
        <line num="105" type="stmt" count="32"/>
        <line num="106" type="stmt" count="32"/>
        <line num="107" type="stmt" count="32"/>
        <line num="116" type="method" name="rename" crap="3" count="2"/>
        <line num="117" type="stmt" count="2"/>
        <line num="118" type="stmt" count="2"/>
        <line num="119" type="stmt" count="2"/>
        <line num="120" type="stmt" count="2"/>
        <line num="121" type="stmt" count="2"/>
        <line num="122" type="stmt" count="2"/>
        <line num="123" type="stmt" count="2"/>
        <line num="124" type="stmt" count="2"/>
        <line num="125" type="stmt" count="2"/>
        <line num="135" type="method" name="addColumn" crap="1" count="2"/>
        <line num="136" type="stmt" count="2"/>
        <line num="145" type="method" name="dropColumn" crap="1" count="2"/>
        <line num="146" type="stmt" count="2"/>
        <line num="156" type="method" name="renameColumn" crap="1" count="1"/>
        <line num="157" type="stmt" count="1"/>
        <line num="167" type="method" name="changeColumn" crap="1" count="2"/>
        <line num="168" type="stmt" count="2"/>
        <line num="177" type="method" name="addIndex" crap="1" count="3"/>
        <line num="178" type="stmt" count="3"/>
        <line num="186" type="method" name="dropIndex" crap="1" count="3"/>
        <line num="187" type="stmt" count="3"/>
        <line num="195" type="method" name="addPrimaryKey" crap="1" count="3"/>
        <line num="196" type="stmt" count="3"/>
        <line num="204" type="method" name="dropPrimaryKey" crap="1" count="2"/>
        <line num="205" type="stmt" count="2"/>
        <line num="213" type="method" name="addUnique" crap="1" count="1"/>
        <line num="214" type="stmt" count="1"/>
        <line num="223" type="method" name="doAlterAction" crap="2" count="10"/>
        <line num="224" type="stmt" count="10"/>
        <line num="225" type="stmt" count="10"/>
        <line num="226" type="stmt" count="10"/>
        <metrics loc="227" ncloc="102" classes="1" methods="18" coveredmethods="17" conditionals="0" coveredconditionals="0" statements="43" coveredstatements="42" elements="61" coveredelements="59"/>
      </file>
    </package>
    <metrics files="27" loc="5620" ncloc="2776" classes="27" methods="343" coveredmethods="320" conditionals="0" coveredconditionals="0" statements="1317" coveredstatements="1280" elements="1660" coveredelements="1600"/>
  </project>
</coverage>
